[debug] [2022-08-26T10:54:34.905Z] ----------------------------------------------------------------------
[debug] [2022-08-26T10:54:34.907Z] Command:       /usr/local/bin/firebase /Users/armn/.cache/firebase/tools/lib/node_modules/firebase-tools/lib/bin/firebase deploy
[debug] [2022-08-26T10:54:34.907Z] CLI Version:   11.7.0
[debug] [2022-08-26T10:54:34.907Z] Platform:      darwin
[debug] [2022-08-26T10:54:34.908Z] Node Version:  v16.16.0
[debug] [2022-08-26T10:54:34.909Z] Time:          Fri Aug 26 2022 17:54:34 GMT+0700 (Indochina Time)
[debug] [2022-08-26T10:54:34.909Z] ----------------------------------------------------------------------
[debug] 
[debug] [2022-08-26T10:54:34.989Z] > command requires scopes: ["email","openid","https://www.googleapis.com/auth/cloudplatformprojects.readonly","https://www.googleapis.com/auth/firebase","https://www.googleapis.com/auth/cloud-platform"]
[debug] [2022-08-26T10:54:34.989Z] > authorizing via signed-in user (sarun.atc@gmail.com)
[debug] [2022-08-26T10:54:34.989Z] [iam] checking project portfolio-3873b for permissions ["firebase.projects.get","firebasehosting.sites.update"]
[debug] [2022-08-26T10:54:34.992Z] >>> [apiv2][query] POST https://cloudresourcemanager.googleapis.com/v1/projects/portfolio-3873b:testIamPermissions [none]
[debug] [2022-08-26T10:54:34.992Z] >>> [apiv2][(partial)header] POST https://cloudresourcemanager.googleapis.com/v1/projects/portfolio-3873b:testIamPermissions x-goog-quota-user=projects/portfolio-3873b
[debug] [2022-08-26T10:54:34.992Z] >>> [apiv2][body] POST https://cloudresourcemanager.googleapis.com/v1/projects/portfolio-3873b:testIamPermissions {"permissions":["firebase.projects.get","firebasehosting.sites.update"]}
[debug] [2022-08-26T10:54:37.448Z] <<< [apiv2][status] POST https://cloudresourcemanager.googleapis.com/v1/projects/portfolio-3873b:testIamPermissions 200
[debug] [2022-08-26T10:54:37.448Z] <<< [apiv2][body] POST https://cloudresourcemanager.googleapis.com/v1/projects/portfolio-3873b:testIamPermissions {"permissions":["firebase.projects.get","firebasehosting.sites.update"]}
[debug] [2022-08-26T10:54:37.449Z] >>> [apiv2][query] GET https://firebase.googleapis.com/v1beta1/projects/portfolio-3873b [none]
[debug] [2022-08-26T10:54:38.314Z] <<< [apiv2][status] GET https://firebase.googleapis.com/v1beta1/projects/portfolio-3873b 200
[debug] [2022-08-26T10:54:38.315Z] <<< [apiv2][body] GET https://firebase.googleapis.com/v1beta1/projects/portfolio-3873b {"projectId":"portfolio-3873b","projectNumber":"471809718287","displayName":"portfolio","name":"projects/portfolio-3873b","resources":{"hostingSite":"portfolio-3873b"},"state":"ACTIVE","etag":"1_df64f765-6857-4e95-9360-e8003db539be"}
[info] 
[info] === Deploying to 'portfolio-3873b'...
[info] 
[info] i  deploying hosting 
[debug] [2022-08-26T10:54:38.318Z] >>> [apiv2][query] GET https://firebase.googleapis.com/v1beta1/projects/portfolio-3873b [none]
[debug] [2022-08-26T10:54:39.046Z] <<< [apiv2][status] GET https://firebase.googleapis.com/v1beta1/projects/portfolio-3873b 200
[debug] [2022-08-26T10:54:39.047Z] <<< [apiv2][body] GET https://firebase.googleapis.com/v1beta1/projects/portfolio-3873b {"projectId":"portfolio-3873b","projectNumber":"471809718287","displayName":"portfolio","name":"projects/portfolio-3873b","resources":{"hostingSite":"portfolio-3873b"},"state":"ACTIVE","etag":"1_df64f765-6857-4e95-9360-e8003db539be"}
[debug] [2022-08-26T10:54:39.049Z] >>> [apiv2][query] POST https://firebasehosting.googleapis.com/v1beta1/projects/471809718287/sites/portfolio-3873b/versions [none]
[debug] [2022-08-26T10:54:39.049Z] >>> [apiv2][body] POST https://firebasehosting.googleapis.com/v1beta1/projects/471809718287/sites/portfolio-3873b/versions {"config":{},"labels":{"deployment-tool":"cli-firebase"}}
[debug] [2022-08-26T10:54:40.829Z] <<< [apiv2][status] POST https://firebasehosting.googleapis.com/v1beta1/projects/471809718287/sites/portfolio-3873b/versions 200
[debug] [2022-08-26T10:54:40.829Z] <<< [apiv2][body] POST https://firebasehosting.googleapis.com/v1beta1/projects/471809718287/sites/portfolio-3873b/versions {"name":"projects/471809718287/sites/portfolio-3873b/versions/664bf6f268d1fd5e","status":"CREATED","config":{},"labels":{"deployment-tool":"cli-firebase"}}
[info] i  hosting[portfolio-3873b]: beginning deploy... 
[info] i  hosting[portfolio-3873b]: found 6 files in public 
[debug] [2022-08-26T10:54:40.838Z] [hosting] uploading with 200 concurrency
[debug] [2022-08-26T10:54:40.844Z] [hosting] hash cache [cHVibGlj] stored for 6 files
[debug] [2022-08-26T10:54:40.844Z] [hosting][hash queue][FINAL] {"max":2,"min":0,"avg":0,"active":0,"complete":6,"success":6,"errored":0,"retried":0,"total":6,"elapsed":3}
[debug] [2022-08-26T10:54:40.845Z] >>> [apiv2][query] POST https://firebasehosting.googleapis.com/v1beta1/projects/471809718287/sites/portfolio-3873b/versions/664bf6f268d1fd5e:populateFiles [none]
[debug] [2022-08-26T10:54:40.845Z] >>> [apiv2][body] POST https://firebasehosting.googleapis.com/v1beta1/projects/471809718287/sites/portfolio-3873b/versions/664bf6f268d1fd5e:populateFiles {"files":{"/404.html":"05cbc6f94d7a69ce2e29646eab13be2c884e61ba93e3094df5028866876d18b3","/index.html":"ea3df5e4518b1c3ae25e38c2ed88649a42297a486a60e269043cceff2da5a003","/logo-pic.jpg":"128908e28674050661273608c1e076af9273e8bfe9e05e1fce4648903faec571","/portfolio.png":"01cb60a351066e014644db2811e3aa146306795e07784a7333df7014856abeee","/robots.txt":"51e8dcebd71915aeb9884610b1cb7d68b19b5a56c0d7f4f25ef83e5478ed1958","/sitemap.xml":"653b854cecc6cf39f919099ec600e5e930744a639ed8fdcefd5e17f44c7b0d8a"}}
[debug] [2022-08-26T10:54:41.831Z] <<< [apiv2][status] POST https://firebasehosting.googleapis.com/v1beta1/projects/471809718287/sites/portfolio-3873b/versions/664bf6f268d1fd5e:populateFiles 200
[debug] [2022-08-26T10:54:41.832Z] <<< [apiv2][body] POST https://firebasehosting.googleapis.com/v1beta1/projects/471809718287/sites/portfolio-3873b/versions/664bf6f268d1fd5e:populateFiles {"uploadUrl":"https://upload-firebasehosting.googleapis.com/upload/sites/portfolio-3873b/versions/664bf6f268d1fd5e/files"}
[debug] [2022-08-26T10:54:41.832Z] [hosting][populate queue][FINAL] {"max":989,"min":989,"avg":989,"active":0,"complete":1,"success":1,"errored":0,"retried":0,"total":1,"elapsed":989}
[debug] [2022-08-26T10:54:41.832Z] [hosting] uploads queued: 0
[debug] [2022-08-26T10:54:41.832Z] [hosting][upload queue][FINAL] {"max":0,"min":9999999999,"avg":0,"active":0,"complete":0,"success":0,"errored":0,"retried":0,"total":0,"elapsed":1661511281832}
[info] ✔  hosting[portfolio-3873b]: file upload complete 
[debug] [2022-08-26T10:54:41.833Z] [hosting] deploy completed after 1002ms
[debug] [2022-08-26T10:54:41.839Z] [
  {
    "config": {
      "public": "public",
      "ignore": [
        "firebase.json",
        "**/.*",
        "**/node_modules/**"
      ],
      "site": "portfolio-3873b"
    },
    "site": "portfolio-3873b",
    "version": "projects/471809718287/sites/portfolio-3873b/versions/664bf6f268d1fd5e"
  }
]
[info] i  hosting[portfolio-3873b]: finalizing version... 
[debug] [2022-08-26T10:54:41.840Z] >>> [apiv2][query] PATCH https://firebasehosting.googleapis.com/v1beta1/projects/471809718287/sites/portfolio-3873b/versions/664bf6f268d1fd5e updateMask=status%2Cconfig
[debug] [2022-08-26T10:54:41.840Z] >>> [apiv2][body] PATCH https://firebasehosting.googleapis.com/v1beta1/projects/471809718287/sites/portfolio-3873b/versions/664bf6f268d1fd5e {"status":"FINALIZED","config":{}}
